<?xml version="1.0" encoding="UTF-8"?>
<testng-results skipped="0" failed="0" ignored="0" total="1" passed="1">
  <reporter-output>
  </reporter-output>
  <suite name="Suite" duration-ms="21064" started-at="2019-09-06T01:00:23Z" finished-at="2019-09-06T01:00:44Z">
    <groups>
    </groups>
    <test name="Test" duration-ms="21064" started-at="2019-09-06T01:00:23Z" finished-at="2019-09-06T01:00:44Z">
      <class name="basepackage.invokeurl">
        <test-method status="PASS" signature="test2()[pri:0, instance:basepackage.invokeurl@1fee20c]" name="test2" duration-ms="21025" started-at="2019-09-06T01:00:23Z" finished-at="2019-09-06T01:00:44Z">
          <reporter-output>
          </reporter-output>
        </test-method> <!-- test2 -->
      </class> <!-- basepackage.invokeurl -->
    </test> <!-- Test -->
  </suite> <!-- Suite -->
</testng-results>
