<?xml version="1.0" encoding="UTF-8"?>
<testng-results skipped="0" failed="0" ignored="0" total="1" passed="1">
  <reporter-output>
  </reporter-output>
  <suite name="Suite" duration-ms="10806" started-at="2019-09-07T01:48:51Z" finished-at="2019-09-07T01:49:02Z">
    <groups>
    </groups>
    <test name="Test" duration-ms="10806" started-at="2019-09-07T01:48:51Z" finished-at="2019-09-07T01:49:02Z">
      <class name="basepackage.invokeurl">
        <test-method status="PASS" signature="test2()[pri:0, instance:basepackage.invokeurl@7471b5]" name="test2" duration-ms="10781" started-at="2019-09-07T01:48:51Z" finished-at="2019-09-07T01:49:02Z">
          <reporter-output>
          </reporter-output>
        </test-method> <!-- test2 -->
      </class> <!-- basepackage.invokeurl -->
    </test> <!-- Test -->
  </suite> <!-- Suite -->
</testng-results>
