<?xml version="1.0" encoding="UTF-8"?>
<testng-results skipped="0" failed="0" ignored="0" total="1" passed="1">
  <reporter-output>
  </reporter-output>
  <suite name="Default suite" duration-ms="10759" started-at="2019-09-07T01:54:17Z" finished-at="2019-09-07T01:54:27Z">
    <groups>
    </groups>
    <test name="Default test" duration-ms="10759" started-at="2019-09-07T01:54:17Z" finished-at="2019-09-07T01:54:27Z">
      <class name="basepackage.invokeurl">
        <test-method status="PASS" signature="test2()[pri:0, instance:basepackage.invokeurl@1275dab]" name="test2" duration-ms="10717" started-at="2019-09-07T01:54:17Z" finished-at="2019-09-07T01:54:27Z">
          <reporter-output>
          </reporter-output>
        </test-method> <!-- test2 -->
      </class> <!-- basepackage.invokeurl -->
    </test> <!-- Default test -->
  </suite> <!-- Default suite -->
</testng-results>
